[Sat Dec 19 2015 19:20:51 GMT+0530 (India Standard Time)] DEBUG Entered QCabControllers->getCabRequestedDetails
[Sat Dec 19 2015 19:20:51 GMT+0530 (India Standard Time)] DEBUG Entered QCabSerivces->getCabRequestedDetails
[Sat Dec 19 2015 19:20:51 GMT+0530 (India Standard Time)] DEBUG Database Got connected successfully
[Sat Dec 19 2015 19:20:51 GMT+0530 (India Standard Time)] DEBUG CabRequestModel got Synched With Database
[Sat Dec 19 2015 19:20:51 GMT+0530 (India Standard Time)] DEBUG EmployeeModel got Synched With Database
[Sat Dec 19 2015 19:20:51 GMT+0530 (India Standard Time)] DEBUG ManagerModel got Synched With Database
[Sat Dec 19 2015 19:20:51 GMT+0530 (India Standard Time)] DEBUG ProjectModel got Synched With Database
[Sat Dec 19 2015 19:20:51 GMT+0530 (India Standard Time)] DEBUG CabRequestModel, EmployeeModel, ManagerModel got loaded successfully
[Sat Dec 19 2015 19:20:51 GMT+0530 (India Standard Time)] DEBUG Returned value = [
 {
  "EmployeeName": "Pankaja",
  "Gender": "Female",
  "ProjectId": 1,
  "ManagerId": 2,
  "ResidentialAddress": "123,Chamarajpet,Bangalore",
  "OfficeAddress": "Quinnox,Bangalore",
  "ContactNumber": "8695632541",
  "EmployeeId": 5755
 }
]
[Sat Dec 19 2015 19:20:51 GMT+0530 (India Standard Time)] DEBUG Exited QCabControllers->getCabRequestedDetails
[Sat Dec 19 2015 19:21:50 GMT+0530 (India Standard Time)] DEBUG Entered QCabControllers->getCabRequestedDetails
[Sat Dec 19 2015 19:21:50 GMT+0530 (India Standard Time)] DEBUG Entered QCabSerivces->getCabRequestedDetails
[Sat Dec 19 2015 19:21:50 GMT+0530 (India Standard Time)] DEBUG Database Got connected successfully
[Sat Dec 19 2015 19:21:50 GMT+0530 (India Standard Time)] DEBUG CabRequestModel got Synched With Database
[Sat Dec 19 2015 19:21:50 GMT+0530 (India Standard Time)] DEBUG EmployeeModel got Synched With Database
[Sat Dec 19 2015 19:21:50 GMT+0530 (India Standard Time)] DEBUG ManagerModel got Synched With Database
[Sat Dec 19 2015 19:21:50 GMT+0530 (India Standard Time)] DEBUG ProjectModel got Synched With Database
[Sat Dec 19 2015 19:21:50 GMT+0530 (India Standard Time)] DEBUG CabRequestModel, EmployeeModel, ManagerModel got loaded successfully
[Sat Dec 19 2015 19:21:50 GMT+0530 (India Standard Time)] DEBUG Returned value = {
 "ManagerName": "Vasudevan",
 "ContactNumber": "9856985632",
 "ProjectId": 1,
 "ManagerId": 1,
 "Employees": [
  {
   "EmployeeName": "Pankaja",
   "Gender": "Female",
   "ProjectId": 1,
   "ManagerId": 2,
   "ResidentialAddress": "123,Chamarajpet,Bangalore",
   "OfficeAddress": "Quinnox,Bangalore",
   "ContactNumber": "8695632541",
   "EmployeeId": 5755
  }
 ]
}
[Sat Dec 19 2015 19:21:50 GMT+0530 (India Standard Time)] DEBUG Exited QCabControllers->getCabRequestedDetails
[Sat Dec 19 2015 19:22:14 GMT+0530 (India Standard Time)] DEBUG Entered QCabControllers->getCabRequestedDetails
[Sat Dec 19 2015 19:22:14 GMT+0530 (India Standard Time)] DEBUG Entered QCabSerivces->getCabRequestedDetails
[Sat Dec 19 2015 19:22:15 GMT+0530 (India Standard Time)] DEBUG Database Got connected successfully
[Sat Dec 19 2015 19:22:15 GMT+0530 (India Standard Time)] DEBUG CabRequestModel got Synched With Database
[Sat Dec 19 2015 19:22:15 GMT+0530 (India Standard Time)] DEBUG EmployeeModel got Synched With Database
[Sat Dec 19 2015 19:22:15 GMT+0530 (India Standard Time)] DEBUG ManagerModel got Synched With Database
[Sat Dec 19 2015 19:22:15 GMT+0530 (India Standard Time)] DEBUG ProjectModel got Synched With Database
[Sat Dec 19 2015 19:22:15 GMT+0530 (India Standard Time)] DEBUG CabRequestModel, EmployeeModel, ManagerModel got loaded successfully
[Sat Dec 19 2015 19:22:15 GMT+0530 (India Standard Time)] DEBUG Returned value = []
[Sat Dec 19 2015 19:22:15 GMT+0530 (India Standard Time)] DEBUG Exited QCabControllers->getCabRequestedDetails
[Sat Dec 19 2015 19:23:54 GMT+0530 (India Standard Time)] DEBUG Entered QCabControllers->getCabRequestedDetails
[Sat Dec 19 2015 19:23:54 GMT+0530 (India Standard Time)] DEBUG Entered QCabSerivces->getCabRequestedDetails
[Sat Dec 19 2015 19:23:55 GMT+0530 (India Standard Time)] DEBUG Database Got connected successfully
[Sat Dec 19 2015 19:23:55 GMT+0530 (India Standard Time)] DEBUG CabRequestModel got Synched With Database
[Sat Dec 19 2015 19:23:55 GMT+0530 (India Standard Time)] DEBUG EmployeeModel got Synched With Database
[Sat Dec 19 2015 19:23:55 GMT+0530 (India Standard Time)] DEBUG ManagerModel got Synched With Database
[Sat Dec 19 2015 19:23:55 GMT+0530 (India Standard Time)] DEBUG ProjectModel got Synched With Database
[Sat Dec 19 2015 19:23:55 GMT+0530 (India Standard Time)] DEBUG CabRequestModel, EmployeeModel, ManagerModel got loaded successfully
[Sat Dec 19 2015 19:23:55 GMT+0530 (India Standard Time)] DEBUG Returned value = [
 {
  "EmployeeName": "Nishant",
  "Gender": "MALE",
  "ProjectId": 102,
  "ManagerId": 2,
  "ResidentialAddress": "354,BTM Layout,Bangalore",
  "OfficeAddress": "Quinnox,Bangalore",
  "ContactNumber": "9856325412",
  "EmployeeId": 2344
 },
 {
  "EmployeeName": "Pankaja",
  "Gender": "Female",
  "ProjectId": 1,
  "ManagerId": 2,
  "ResidentialAddress": "123,Chamarajpet,Bangalore",
  "OfficeAddress": "Quinnox,Bangalore",
  "ContactNumber": "8695632541",
  "EmployeeId": 5755
 }
]
[Sat Dec 19 2015 19:23:55 GMT+0530 (India Standard Time)] DEBUG Exited QCabControllers->getCabRequestedDetails
[Sat Dec 19 2015 19:24:11 GMT+0530 (India Standard Time)] DEBUG Entered QCabControllers->getCabRequestedDetails
[Sat Dec 19 2015 19:24:11 GMT+0530 (India Standard Time)] DEBUG Entered QCabSerivces->getCabRequestedDetails
[Sat Dec 19 2015 19:24:11 GMT+0530 (India Standard Time)] DEBUG Database Got connected successfully
[Sat Dec 19 2015 19:24:11 GMT+0530 (India Standard Time)] DEBUG CabRequestModel got Synched With Database
[Sat Dec 19 2015 19:24:11 GMT+0530 (India Standard Time)] DEBUG EmployeeModel got Synched With Database
[Sat Dec 19 2015 19:24:11 GMT+0530 (India Standard Time)] DEBUG ManagerModel got Synched With Database
[Sat Dec 19 2015 19:24:11 GMT+0530 (India Standard Time)] DEBUG ProjectModel got Synched With Database
[Sat Dec 19 2015 19:24:11 GMT+0530 (India Standard Time)] DEBUG CabRequestModel, EmployeeModel, ManagerModel got loaded successfully
[Sat Dec 19 2015 19:24:11 GMT+0530 (India Standard Time)] DEBUG Returned value = [
 {
  "EmployeeName": "Aarthi PAlanisamy",
  "Gender": "Female",
  "ProjectId": 102,
  "ManagerId": 1,
  "ResidentialAddress": "11/3,Krishna Residency,Basavanagudi",
  "OfficeAddress": "Quinnox Amr Tech Park",
  "ContactNumber": "8856985632",
  "EmployeeId": 5656
 }
]
[Sat Dec 19 2015 19:24:11 GMT+0530 (India Standard Time)] DEBUG Exited QCabControllers->getCabRequestedDetails
